[INFO  - 2019-03-16T18:42:22.738Z] GhostDriver - Main - running on port 19384
[INFO  - 2019-03-16T18:42:23.959Z] Session [3d31edf0-481b-11e9-a2e2-e1ceec066ebf] - page.settings - {"XSSAuditingEnabled":false,"javascriptCanCloseWindows":true,"javascriptCanOpenWindows":true,"javascriptEnabled":true,"loadImages":true,"localToRemoteUrlAccessEnabled":false,"userAgent":"Mozilla/5.0 (Macintosh; Intel Mac OS X) AppleWebKit/538.1 (KHTML, like Gecko) PhantomJS/2.1.1 Safari/538.1","webSecurityEnabled":true}
[INFO  - 2019-03-16T18:42:23.959Z] Session [3d31edf0-481b-11e9-a2e2-e1ceec066ebf] - page.customHeaders:  - {}
[INFO  - 2019-03-16T18:42:23.959Z] Session [3d31edf0-481b-11e9-a2e2-e1ceec066ebf] - Session.negotiatedCapabilities - {"browserName":"phantomjs","version":"2.1.1","driverName":"ghostdriver","driverVersion":"1.2.0","platform":"mac-unknown-64bit","javascriptEnabled":true,"takesScreenshot":true,"handlesAlerts":false,"databaseEnabled":false,"locationContextEnabled":false,"applicationCacheEnabled":false,"browserConnectionEnabled":false,"cssSelectorsEnabled":true,"webStorageEnabled":false,"rotatable":false,"acceptSslCerts":false,"nativeEvents":true,"proxy":{"proxyType":"direct"}}
[INFO  - 2019-03-16T18:42:23.960Z] SessionManagerReqHand - _postNewSessionCommand - New Session Created: 3d31edf0-481b-11e9-a2e2-e1ceec066ebf
[INFO  - 2019-03-16T18:42:40.477Z] ShutdownReqHand - _handle - About to shutdown
[INFO  - 2019-03-16T18:42:42.431Z] GhostDriver - Main - running on port 18393
[INFO  - 2019-03-16T18:42:42.653Z] Session [4855cc10-481b-11e9-878a-b3c497afc740] - page.settings - {"XSSAuditingEnabled":false,"javascriptCanCloseWindows":true,"javascriptCanOpenWindows":true,"javascriptEnabled":true,"loadImages":true,"localToRemoteUrlAccessEnabled":false,"userAgent":"Mozilla/5.0 (Macintosh; Intel Mac OS X) AppleWebKit/538.1 (KHTML, like Gecko) PhantomJS/2.1.1 Safari/538.1","webSecurityEnabled":true}
[INFO  - 2019-03-16T18:42:42.653Z] Session [4855cc10-481b-11e9-878a-b3c497afc740] - page.customHeaders:  - {}
[INFO  - 2019-03-16T18:42:42.653Z] Session [4855cc10-481b-11e9-878a-b3c497afc740] - Session.negotiatedCapabilities - {"browserName":"phantomjs","version":"2.1.1","driverName":"ghostdriver","driverVersion":"1.2.0","platform":"mac-unknown-64bit","javascriptEnabled":true,"takesScreenshot":true,"handlesAlerts":false,"databaseEnabled":false,"locationContextEnabled":false,"applicationCacheEnabled":false,"browserConnectionEnabled":false,"cssSelectorsEnabled":true,"webStorageEnabled":false,"rotatable":false,"acceptSslCerts":false,"nativeEvents":true,"proxy":{"proxyType":"direct"}}
[INFO  - 2019-03-16T18:42:42.653Z] SessionManagerReqHand - _postNewSessionCommand - New Session Created: 4855cc10-481b-11e9-878a-b3c497afc740
[INFO  - 2019-03-16T18:42:54.273Z] GhostDriver - Main - running on port 36360
[INFO  - 2019-03-16T18:42:54.460Z] Session [4f605160-481b-11e9-8a5a-dfbc742ffe52] - page.settings - {"XSSAuditingEnabled":false,"javascriptCanCloseWindows":true,"javascriptCanOpenWindows":true,"javascriptEnabled":true,"loadImages":true,"localToRemoteUrlAccessEnabled":false,"userAgent":"Mozilla/5.0 (Macintosh; Intel Mac OS X) AppleWebKit/538.1 (KHTML, like Gecko) PhantomJS/2.1.1 Safari/538.1","webSecurityEnabled":true}
[INFO  - 2019-03-16T18:42:54.460Z] Session [4f605160-481b-11e9-8a5a-dfbc742ffe52] - page.customHeaders:  - {}
[INFO  - 2019-03-16T18:42:54.460Z] Session [4f605160-481b-11e9-8a5a-dfbc742ffe52] - Session.negotiatedCapabilities - {"browserName":"phantomjs","version":"2.1.1","driverName":"ghostdriver","driverVersion":"1.2.0","platform":"mac-unknown-64bit","javascriptEnabled":true,"takesScreenshot":true,"handlesAlerts":false,"databaseEnabled":false,"locationContextEnabled":false,"applicationCacheEnabled":false,"browserConnectionEnabled":false,"cssSelectorsEnabled":true,"webStorageEnabled":false,"rotatable":false,"acceptSslCerts":false,"nativeEvents":true,"proxy":{"proxyType":"direct"}}
[INFO  - 2019-03-16T18:42:54.460Z] SessionManagerReqHand - _postNewSessionCommand - New Session Created: 4f605160-481b-11e9-8a5a-dfbc742ffe52
[INFO  - 2019-03-16T18:43:04.461Z] ShutdownReqHand - _handle - About to shutdown
[INFO  - 2019-03-16T18:43:06.089Z] GhostDriver - Main - running on port 5411
[INFO  - 2019-03-16T18:43:06.187Z] Session [565d9040-481b-11e9-94bc-59511835c4e0] - page.settings - {"XSSAuditingEnabled":false,"javascriptCanCloseWindows":true,"javascriptCanOpenWindows":true,"javascriptEnabled":true,"loadImages":true,"localToRemoteUrlAccessEnabled":false,"userAgent":"Mozilla/5.0 (Macintosh; Intel Mac OS X) AppleWebKit/538.1 (KHTML, like Gecko) PhantomJS/2.1.1 Safari/538.1","webSecurityEnabled":true}
[INFO  - 2019-03-16T18:43:06.187Z] Session [565d9040-481b-11e9-94bc-59511835c4e0] - page.customHeaders:  - {}
[INFO  - 2019-03-16T18:43:06.187Z] Session [565d9040-481b-11e9-94bc-59511835c4e0] - Session.negotiatedCapabilities - {"browserName":"phantomjs","version":"2.1.1","driverName":"ghostdriver","driverVersion":"1.2.0","platform":"mac-unknown-64bit","javascriptEnabled":true,"takesScreenshot":true,"handlesAlerts":false,"databaseEnabled":false,"locationContextEnabled":false,"applicationCacheEnabled":false,"browserConnectionEnabled":false,"cssSelectorsEnabled":true,"webStorageEnabled":false,"rotatable":false,"acceptSslCerts":false,"nativeEvents":true,"proxy":{"proxyType":"direct"}}
[INFO  - 2019-03-16T18:43:06.188Z] SessionManagerReqHand - _postNewSessionCommand - New Session Created: 565d9040-481b-11e9-94bc-59511835c4e0
[INFO  - 2019-03-16T18:43:18.224Z] GhostDriver - Main - running on port 18591
[INFO  - 2019-03-16T18:43:18.566Z] Session [5dbe24d0-481b-11e9-b2ab-1fc4be79f661] - page.settings - {"XSSAuditingEnabled":false,"javascriptCanCloseWindows":true,"javascriptCanOpenWindows":true,"javascriptEnabled":true,"loadImages":true,"localToRemoteUrlAccessEnabled":false,"userAgent":"Mozilla/5.0 (Macintosh; Intel Mac OS X) AppleWebKit/538.1 (KHTML, like Gecko) PhantomJS/2.1.1 Safari/538.1","webSecurityEnabled":true}
[INFO  - 2019-03-16T18:43:18.566Z] Session [5dbe24d0-481b-11e9-b2ab-1fc4be79f661] - page.customHeaders:  - {}
[INFO  - 2019-03-16T18:43:18.566Z] Session [5dbe24d0-481b-11e9-b2ab-1fc4be79f661] - Session.negotiatedCapabilities - {"browserName":"phantomjs","version":"2.1.1","driverName":"ghostdriver","driverVersion":"1.2.0","platform":"mac-unknown-64bit","javascriptEnabled":true,"takesScreenshot":true,"handlesAlerts":false,"databaseEnabled":false,"locationContextEnabled":false,"applicationCacheEnabled":false,"browserConnectionEnabled":false,"cssSelectorsEnabled":true,"webStorageEnabled":false,"rotatable":false,"acceptSslCerts":false,"nativeEvents":true,"proxy":{"proxyType":"direct"}}
[INFO  - 2019-03-16T18:43:18.567Z] SessionManagerReqHand - _postNewSessionCommand - New Session Created: 5dbe24d0-481b-11e9-b2ab-1fc4be79f661
[INFO  - 2019-03-16T18:43:30.225Z] ShutdownReqHand - _handle - About to shutdown
[INFO  - 2019-03-16T18:43:33.022Z] GhostDriver - Main - running on port 11110
[INFO  - 2019-03-16T18:43:33.054Z] Session [66612470-481b-11e9-8754-551bd8f2c2cb] - page.settings - {"XSSAuditingEnabled":false,"javascriptCanCloseWindows":true,"javascriptCanOpenWindows":true,"javascriptEnabled":true,"loadImages":true,"localToRemoteUrlAccessEnabled":false,"userAgent":"Mozilla/5.0 (Macintosh; Intel Mac OS X) AppleWebKit/538.1 (KHTML, like Gecko) PhantomJS/2.1.1 Safari/538.1","webSecurityEnabled":true}
[INFO  - 2019-03-16T18:43:33.054Z] Session [66612470-481b-11e9-8754-551bd8f2c2cb] - page.customHeaders:  - {}
[INFO  - 2019-03-16T18:43:33.055Z] Session [66612470-481b-11e9-8754-551bd8f2c2cb] - Session.negotiatedCapabilities - {"browserName":"phantomjs","version":"2.1.1","driverName":"ghostdriver","driverVersion":"1.2.0","platform":"mac-unknown-64bit","javascriptEnabled":true,"takesScreenshot":true,"handlesAlerts":false,"databaseEnabled":false,"locationContextEnabled":false,"applicationCacheEnabled":false,"browserConnectionEnabled":false,"cssSelectorsEnabled":true,"webStorageEnabled":false,"rotatable":false,"acceptSslCerts":false,"nativeEvents":true,"proxy":{"proxyType":"direct"}}
[INFO  - 2019-03-16T18:43:33.055Z] SessionManagerReqHand - _postNewSessionCommand - New Session Created: 66612470-481b-11e9-8754-551bd8f2c2cb
[INFO  - 2019-03-16T18:47:02.945Z] GhostDriver - Main - running on port 28317
[INFO  - 2019-03-16T18:47:03.850Z] Session [e405e820-481b-11e9-8f29-fbaac2bd17d2] - page.settings - {"XSSAuditingEnabled":false,"javascriptCanCloseWindows":true,"javascriptCanOpenWindows":true,"javascriptEnabled":true,"loadImages":true,"localToRemoteUrlAccessEnabled":false,"userAgent":"Mozilla/5.0 (Macintosh; Intel Mac OS X) AppleWebKit/538.1 (KHTML, like Gecko) PhantomJS/2.1.1 Safari/538.1","webSecurityEnabled":true}
[INFO  - 2019-03-16T18:47:03.850Z] Session [e405e820-481b-11e9-8f29-fbaac2bd17d2] - page.customHeaders:  - {}
[INFO  - 2019-03-16T18:47:03.850Z] Session [e405e820-481b-11e9-8f29-fbaac2bd17d2] - Session.negotiatedCapabilities - {"browserName":"phantomjs","version":"2.1.1","driverName":"ghostdriver","driverVersion":"1.2.0","platform":"mac-unknown-64bit","javascriptEnabled":true,"takesScreenshot":true,"handlesAlerts":false,"databaseEnabled":false,"locationContextEnabled":false,"applicationCacheEnabled":false,"browserConnectionEnabled":false,"cssSelectorsEnabled":true,"webStorageEnabled":false,"rotatable":false,"acceptSslCerts":false,"nativeEvents":true,"proxy":{"proxyType":"direct"}}
[INFO  - 2019-03-16T18:47:03.850Z] SessionManagerReqHand - _postNewSessionCommand - New Session Created: e405e820-481b-11e9-8f29-fbaac2bd17d2
[INFO  - 2019-03-16T18:47:14.361Z] ShutdownReqHand - _handle - About to shutdown
[INFO  - 2019-03-16T18:47:15.954Z] GhostDriver - Main - running on port 15117
[INFO  - 2019-03-16T18:47:16.132Z] Session [eb5872f0-481b-11e9-9085-81dc44ba43ed] - page.settings - {"XSSAuditingEnabled":false,"javascriptCanCloseWindows":true,"javascriptCanOpenWindows":true,"javascriptEnabled":true,"loadImages":true,"localToRemoteUrlAccessEnabled":false,"userAgent":"Mozilla/5.0 (Macintosh; Intel Mac OS X) AppleWebKit/538.1 (KHTML, like Gecko) PhantomJS/2.1.1 Safari/538.1","webSecurityEnabled":true}
[INFO  - 2019-03-16T18:47:16.133Z] Session [eb5872f0-481b-11e9-9085-81dc44ba43ed] - page.customHeaders:  - {}
[INFO  - 2019-03-16T18:47:16.133Z] Session [eb5872f0-481b-11e9-9085-81dc44ba43ed] - Session.negotiatedCapabilities - {"browserName":"phantomjs","version":"2.1.1","driverName":"ghostdriver","driverVersion":"1.2.0","platform":"mac-unknown-64bit","javascriptEnabled":true,"takesScreenshot":true,"handlesAlerts":false,"databaseEnabled":false,"locationContextEnabled":false,"applicationCacheEnabled":false,"browserConnectionEnabled":false,"cssSelectorsEnabled":true,"webStorageEnabled":false,"rotatable":false,"acceptSslCerts":false,"nativeEvents":true,"proxy":{"proxyType":"direct"}}
[INFO  - 2019-03-16T18:47:16.133Z] SessionManagerReqHand - _postNewSessionCommand - New Session Created: eb5872f0-481b-11e9-9085-81dc44ba43ed
[INFO  - 2019-03-16T18:47:27.591Z] GhostDriver - Main - running on port 23651
[INFO  - 2019-03-16T18:47:27.759Z] Session [f2464880-481b-11e9-9ab0-07c33739d840] - page.settings - {"XSSAuditingEnabled":false,"javascriptCanCloseWindows":true,"javascriptCanOpenWindows":true,"javascriptEnabled":true,"loadImages":true,"localToRemoteUrlAccessEnabled":false,"userAgent":"Mozilla/5.0 (Macintosh; Intel Mac OS X) AppleWebKit/538.1 (KHTML, like Gecko) PhantomJS/2.1.1 Safari/538.1","webSecurityEnabled":true}
[INFO  - 2019-03-16T18:47:27.760Z] Session [f2464880-481b-11e9-9ab0-07c33739d840] - page.customHeaders:  - {}
[INFO  - 2019-03-16T18:47:27.760Z] Session [f2464880-481b-11e9-9ab0-07c33739d840] - Session.negotiatedCapabilities - {"browserName":"phantomjs","version":"2.1.1","driverName":"ghostdriver","driverVersion":"1.2.0","platform":"mac-unknown-64bit","javascriptEnabled":true,"takesScreenshot":true,"handlesAlerts":false,"databaseEnabled":false,"locationContextEnabled":false,"applicationCacheEnabled":false,"browserConnectionEnabled":false,"cssSelectorsEnabled":true,"webStorageEnabled":false,"rotatable":false,"acceptSslCerts":false,"nativeEvents":true,"proxy":{"proxyType":"direct"}}
[INFO  - 2019-03-16T18:47:27.760Z] SessionManagerReqHand - _postNewSessionCommand - New Session Created: f2464880-481b-11e9-9ab0-07c33739d840
[INFO  - 2019-03-16T18:47:38.475Z] ShutdownReqHand - _handle - About to shutdown
[INFO  - 2019-03-16T18:47:40.069Z] GhostDriver - Main - running on port 46491
[INFO  - 2019-03-16T18:47:40.265Z] Session [f9bab330-481b-11e9-b63e-bd70631d7748] - page.settings - {"XSSAuditingEnabled":false,"javascriptCanCloseWindows":true,"javascriptCanOpenWindows":true,"javascriptEnabled":true,"loadImages":true,"localToRemoteUrlAccessEnabled":false,"userAgent":"Mozilla/5.0 (Macintosh; Intel Mac OS X) AppleWebKit/538.1 (KHTML, like Gecko) PhantomJS/2.1.1 Safari/538.1","webSecurityEnabled":true}
[INFO  - 2019-03-16T18:47:40.266Z] Session [f9bab330-481b-11e9-b63e-bd70631d7748] - page.customHeaders:  - {}
[INFO  - 2019-03-16T18:47:40.266Z] Session [f9bab330-481b-11e9-b63e-bd70631d7748] - Session.negotiatedCapabilities - {"browserName":"phantomjs","version":"2.1.1","driverName":"ghostdriver","driverVersion":"1.2.0","platform":"mac-unknown-64bit","javascriptEnabled":true,"takesScreenshot":true,"handlesAlerts":false,"databaseEnabled":false,"locationContextEnabled":false,"applicationCacheEnabled":false,"browserConnectionEnabled":false,"cssSelectorsEnabled":true,"webStorageEnabled":false,"rotatable":false,"acceptSslCerts":false,"nativeEvents":true,"proxy":{"proxyType":"direct"}}
[INFO  - 2019-03-16T18:47:40.266Z] SessionManagerReqHand - _postNewSessionCommand - New Session Created: f9bab330-481b-11e9-b63e-bd70631d7748
[INFO  - 2019-03-16T18:47:42.430Z] SessionManagerReqHand - _cleanupWindowlessSessions - Asynchronous Sessions clean-up phase starting NOW
[INFO  - 2019-03-16T18:47:42.433Z] SessionManagerReqHand - _cleanupWindowlessSessions - Deleted Session '4855cc10-481b-11e9-878a-b3c497afc740', because windowless
[INFO  - 2019-03-16T18:47:52.219Z] GhostDriver - Main - running on port 31118
[INFO  - 2019-03-16T18:47:52.546Z] Session [010ca1c0-481c-11e9-8330-25f5c241ae6b] - page.settings - {"XSSAuditingEnabled":false,"javascriptCanCloseWindows":true,"javascriptCanOpenWindows":true,"javascriptEnabled":true,"loadImages":true,"localToRemoteUrlAccessEnabled":false,"userAgent":"Mozilla/5.0 (Macintosh; Intel Mac OS X) AppleWebKit/538.1 (KHTML, like Gecko) PhantomJS/2.1.1 Safari/538.1","webSecurityEnabled":true}
[INFO  - 2019-03-16T18:47:52.546Z] Session [010ca1c0-481c-11e9-8330-25f5c241ae6b] - page.customHeaders:  - {}
[INFO  - 2019-03-16T18:47:52.546Z] Session [010ca1c0-481c-11e9-8330-25f5c241ae6b] - Session.negotiatedCapabilities - {"browserName":"phantomjs","version":"2.1.1","driverName":"ghostdriver","driverVersion":"1.2.0","platform":"mac-unknown-64bit","javascriptEnabled":true,"takesScreenshot":true,"handlesAlerts":false,"databaseEnabled":false,"locationContextEnabled":false,"applicationCacheEnabled":false,"browserConnectionEnabled":false,"cssSelectorsEnabled":true,"webStorageEnabled":false,"rotatable":false,"acceptSslCerts":false,"nativeEvents":true,"proxy":{"proxyType":"direct"}}
[INFO  - 2019-03-16T18:47:52.547Z] SessionManagerReqHand - _postNewSessionCommand - New Session Created: 010ca1c0-481c-11e9-8330-25f5c241ae6b
[INFO  - 2019-03-16T18:48:02.490Z] ShutdownReqHand - _handle - About to shutdown
[INFO  - 2019-03-16T18:48:04.213Z] GhostDriver - Main - running on port 6097
[INFO  - 2019-03-16T18:48:04.537Z] Session [08325030-481c-11e9-81c3-897de1bc4719] - page.settings - {"XSSAuditingEnabled":false,"javascriptCanCloseWindows":true,"javascriptCanOpenWindows":true,"javascriptEnabled":true,"loadImages":true,"localToRemoteUrlAccessEnabled":false,"userAgent":"Mozilla/5.0 (Macintosh; Intel Mac OS X) AppleWebKit/538.1 (KHTML, like Gecko) PhantomJS/2.1.1 Safari/538.1","webSecurityEnabled":true}
[INFO  - 2019-03-16T18:48:04.537Z] Session [08325030-481c-11e9-81c3-897de1bc4719] - page.customHeaders:  - {}
[INFO  - 2019-03-16T18:48:04.537Z] Session [08325030-481c-11e9-81c3-897de1bc4719] - Session.negotiatedCapabilities - {"browserName":"phantomjs","version":"2.1.1","driverName":"ghostdriver","driverVersion":"1.2.0","platform":"mac-unknown-64bit","javascriptEnabled":true,"takesScreenshot":true,"handlesAlerts":false,"databaseEnabled":false,"locationContextEnabled":false,"applicationCacheEnabled":false,"browserConnectionEnabled":false,"cssSelectorsEnabled":true,"webStorageEnabled":false,"rotatable":false,"acceptSslCerts":false,"nativeEvents":true,"proxy":{"proxyType":"direct"}}
[INFO  - 2019-03-16T18:48:04.537Z] SessionManagerReqHand - _postNewSessionCommand - New Session Created: 08325030-481c-11e9-81c3-897de1bc4719
[INFO  - 2019-03-16T18:48:06.086Z] SessionManagerReqHand - _cleanupWindowlessSessions - Asynchronous Sessions clean-up phase starting NOW
[INFO  - 2019-03-16T18:48:06.088Z] SessionManagerReqHand - _cleanupWindowlessSessions - Deleted Session '565d9040-481b-11e9-94bc-59511835c4e0', because windowless
[INFO  - 2019-03-16T18:48:33.023Z] SessionManagerReqHand - _cleanupWindowlessSessions - Asynchronous Sessions clean-up phase starting NOW
[INFO  - 2019-03-16T18:48:33.040Z] SessionManagerReqHand - _cleanupWindowlessSessions - Deleted Session '66612470-481b-11e9-8754-551bd8f2c2cb', because windowless
[INFO  - 2019-03-16T18:52:15.948Z] SessionManagerReqHand - _cleanupWindowlessSessions - Asynchronous Sessions clean-up phase starting NOW
[INFO  - 2019-03-16T18:52:15.992Z] SessionManagerReqHand - _cleanupWindowlessSessions - Deleted Session 'eb5872f0-481b-11e9-9085-81dc44ba43ed', because windowless
[INFO  - 2019-03-16T18:52:40.061Z] SessionManagerReqHand - _cleanupWindowlessSessions - Asynchronous Sessions clean-up phase starting NOW
[INFO  - 2019-03-16T18:52:40.093Z] SessionManagerReqHand - _cleanupWindowlessSessions - Deleted Session 'f9bab330-481b-11e9-b63e-bd70631d7748', because windowless
[INFO  - 2019-03-16T18:53:04.203Z] SessionManagerReqHand - _cleanupWindowlessSessions - Asynchronous Sessions clean-up phase starting NOW
[INFO  - 2019-03-16T18:53:04.239Z] SessionManagerReqHand - _cleanupWindowlessSessions - Deleted Session '08325030-481c-11e9-81c3-897de1bc4719', because windowless
